2020-07-30 12:05:51,339 INFO org.springframework.boot.StartupInfoLogger [main] Starting ProductsApplicationTests on Stuarts-MacBook-Pro.local with PID 2739 (started by stuart in /Users/stuart/workspace/springboot/products)
2020-07-30 12:05:51,345 INFO org.springframework.boot.SpringApplication [main] No active profile set, falling back to default profiles: default
2020-07-30 12:05:52,948 INFO org.springframework.data.repository.config.RepositoryConfigurationDelegate [main] Bootstrapping Spring Data JPA repositories in DEFERRED mode.
2020-07-30 12:05:53,040 INFO org.springframework.data.repository.config.RepositoryConfigurationDelegate [main] Finished Spring Data repository scanning in 79ms. Found 2 JPA repository interfaces.
2020-07-30 12:05:53,866 INFO org.springframework.scheduling.concurrent.ExecutorConfigurationSupport [main] Initializing ExecutorService 'applicationTaskExecutor'
2020-07-30 12:05:53,880 INFO com.zaxxer.hikari.HikariDataSource [main] HikariPool-1 - Starting...
2020-07-30 12:05:54,162 INFO com.zaxxer.hikari.HikariDataSource [main] HikariPool-1 - Start completed.
2020-07-30 12:05:54,293 INFO org.hibernate.jpa.internal.util.LogHelper [task-1] HHH000204: Processing PersistenceUnitInfo [name: default]
2020-07-30 12:05:54,404 INFO org.hibernate.Version [task-1] HHH000412: Hibernate ORM core version 5.4.17.Final
2020-07-30 12:05:54,746 INFO org.hibernate.annotations.common.reflection.java.JavaReflectionManager [task-1] HCANN000001: Hibernate Commons Annotations {5.1.0.Final}
2020-07-30 12:05:55,039 INFO org.hibernate.dialect.Dialect [task-1] HHH000400: Using dialect: org.hibernate.dialect.H2Dialect
2020-07-30 12:05:55,237 WARN org.springframework.boot.autoconfigure.orm.jpa.JpaBaseConfiguration$JpaWebConfiguration [main] spring.jpa.open-in-view is enabled by default. Therefore, database queries may be performed during view rendering. Explicitly configure spring.jpa.open-in-view to disable this warning
2020-07-30 12:05:56,040 INFO org.springframework.boot.autoconfigure.web.servlet.WelcomePageHandlerMapping [main] Adding welcome page: class path resource [static/index.html]
2020-07-30 12:05:56,600 INFO org.hibernate.engine.transaction.jta.platform.internal.JtaPlatformInitiator [task-1] HHH000490: Using JtaPlatform implementation: [org.hibernate.engine.transaction.jta.platform.internal.NoJtaPlatform]
2020-07-30 12:05:56,629 INFO org.springframework.orm.jpa.AbstractEntityManagerFactoryBean [task-1] Initialized JPA EntityManagerFactory for persistence unit 'default'
2020-07-30 12:05:57,948 INFO org.springframework.boot.autoconfigure.h2.H2ConsoleAutoConfiguration [main] H2 console available at '/h2-console'. Database available at 'jdbc:h2:file:~/database/products'
2020-07-30 12:05:58,047 INFO org.springframework.mock.web.MockServletContext [main] Initializing Spring TestDispatcherServlet ''
2020-07-30 12:05:58,048 INFO org.springframework.web.servlet.FrameworkServlet [main] Initializing Servlet ''
2020-07-30 12:05:58,069 INFO org.springframework.boot.actuate.endpoint.web.EndpointLinksResolver [main] Exposing 2 endpoint(s) beneath base path '/actuator'
2020-07-30 12:05:58,254 INFO org.springframework.web.servlet.FrameworkServlet [main] Completed initialization in 201 ms
2020-07-30 12:05:58,285 INFO org.springframework.data.repository.config.DeferredRepositoryInitializationListener [main] Triggering deferred initialization of Spring Data repositories…
2020-07-30 12:05:58,779 INFO org.springframework.data.repository.config.DeferredRepositoryInitializationListener [main] Spring Data repositories initialized!
2020-07-30 12:05:58,801 INFO org.springframework.boot.StartupInfoLogger [main] Started ProductsApplicationTests in 13.113 seconds (JVM running for 15.113)
2020-07-30 12:05:59,636 INFO org.springframework.orm.jpa.AbstractEntityManagerFactoryBean [SpringContextShutdownHook] Closing JPA EntityManagerFactory for persistence unit 'default'
2020-07-30 12:05:59,636 INFO org.hibernate.tool.schema.internal.SchemaDropperImpl$DelayedDropActionImpl [SpringContextShutdownHook] HHH000477: Starting delayed evictData of schema as part of SessionFactory shut-down'
2020-07-30 12:05:59,643 WARN org.hibernate.engine.jdbc.spi.SqlExceptionHelper [SpringContextShutdownHook] SQL Error: 90121, SQLState: 90121
2020-07-30 12:05:59,643 ERROR org.hibernate.engine.jdbc.spi.SqlExceptionHelper [SpringContextShutdownHook] Database is already closed (to disable automatic closing at VM shutdown, add ";DB_CLOSE_ON_EXIT=FALSE" to the db URL) [90121-200]
2020-07-30 12:05:59,645 WARN org.hibernate.engine.jdbc.spi.SqlExceptionHelper [SpringContextShutdownHook] SQL Error: 90121, SQLState: 90121
2020-07-30 12:05:59,645 ERROR org.hibernate.engine.jdbc.spi.SqlExceptionHelper [SpringContextShutdownHook] Database is already closed (to disable automatic closing at VM shutdown, add ";DB_CLOSE_ON_EXIT=FALSE" to the db URL) [90121-200]
2020-07-30 12:05:59,646 WARN org.springframework.beans.factory.support.DisposableBeanAdapter [SpringContextShutdownHook] Invocation of destroy method failed on bean with name 'entityManagerFactory': org.hibernate.exception.JDBCConnectionException: Unable to release JDBC Connection used for DDL execution
2020-07-30 12:05:59,646 INFO org.springframework.scheduling.concurrent.ExecutorConfigurationSupport [SpringContextShutdownHook] Shutting down ExecutorService 'applicationTaskExecutor'
2020-07-30 12:05:59,646 INFO com.zaxxer.hikari.HikariDataSource [SpringContextShutdownHook] HikariPool-1 - Shutdown initiated...
2020-07-30 12:05:59,650 INFO com.zaxxer.hikari.HikariDataSource [SpringContextShutdownHook] HikariPool-1 - Shutdown completed.
2020-07-30 12:06:40,940 INFO org.springframework.boot.StartupInfoLogger [main] Starting ProductsApplicationTests on Stuarts-MacBook-Pro.local with PID 2747 (started by stuart in /Users/stuart/workspace/springboot/products)
2020-07-30 12:06:40,944 INFO org.springframework.boot.SpringApplication [main] No active profile set, falling back to default profiles: default
2020-07-30 12:06:42,486 INFO org.springframework.data.repository.config.RepositoryConfigurationDelegate [main] Bootstrapping Spring Data JPA repositories in DEFERRED mode.
2020-07-30 12:06:42,573 INFO org.springframework.data.repository.config.RepositoryConfigurationDelegate [main] Finished Spring Data repository scanning in 75ms. Found 2 JPA repository interfaces.
2020-07-30 12:06:43,437 INFO org.springframework.scheduling.concurrent.ExecutorConfigurationSupport [main] Initializing ExecutorService 'applicationTaskExecutor'
2020-07-30 12:06:43,450 INFO com.zaxxer.hikari.HikariDataSource [main] HikariPool-1 - Starting...
2020-07-30 12:06:43,730 INFO com.zaxxer.hikari.HikariDataSource [main] HikariPool-1 - Start completed.
2020-07-30 12:06:43,820 INFO org.hibernate.jpa.internal.util.LogHelper [task-1] HHH000204: Processing PersistenceUnitInfo [name: default]
2020-07-30 12:06:43,890 INFO org.hibernate.Version [task-1] HHH000412: Hibernate ORM core version 5.4.17.Final
2020-07-30 12:06:44,074 INFO org.hibernate.annotations.common.reflection.java.JavaReflectionManager [task-1] HCANN000001: Hibernate Commons Annotations {5.1.0.Final}
2020-07-30 12:06:44,229 INFO org.hibernate.dialect.Dialect [task-1] HHH000400: Using dialect: org.hibernate.dialect.H2Dialect
2020-07-30 12:06:44,395 WARN org.springframework.boot.autoconfigure.orm.jpa.JpaBaseConfiguration$JpaWebConfiguration [main] spring.jpa.open-in-view is enabled by default. Therefore, database queries may be performed during view rendering. Explicitly configure spring.jpa.open-in-view to disable this warning
2020-07-30 12:06:45,032 INFO org.springframework.boot.autoconfigure.web.servlet.WelcomePageHandlerMapping [main] Adding welcome page: class path resource [static/index.html]
2020-07-30 12:06:46,462 INFO org.hibernate.engine.transaction.jta.platform.internal.JtaPlatformInitiator [task-1] HHH000490: Using JtaPlatform implementation: [org.hibernate.engine.transaction.jta.platform.internal.NoJtaPlatform]
2020-07-30 12:06:46,473 INFO org.springframework.orm.jpa.AbstractEntityManagerFactoryBean [task-1] Initialized JPA EntityManagerFactory for persistence unit 'default'
2020-07-30 12:06:48,406 INFO org.springframework.boot.autoconfigure.h2.H2ConsoleAutoConfiguration [main] H2 console available at '/h2-console'. Database available at 'jdbc:h2:file:~/database/products'
2020-07-30 12:06:48,601 INFO org.springframework.mock.web.MockServletContext [main] Initializing Spring TestDispatcherServlet ''
2020-07-30 12:06:48,601 INFO org.springframework.web.servlet.FrameworkServlet [main] Initializing Servlet ''
2020-07-30 12:06:48,623 INFO org.springframework.boot.actuate.endpoint.web.EndpointLinksResolver [main] Exposing 2 endpoint(s) beneath base path '/actuator'
2020-07-30 12:06:48,717 INFO org.springframework.web.servlet.FrameworkServlet [main] Completed initialization in 115 ms
2020-07-30 12:06:48,746 INFO org.springframework.data.repository.config.DeferredRepositoryInitializationListener [main] Triggering deferred initialization of Spring Data repositories…
2020-07-30 12:06:49,156 INFO org.springframework.data.repository.config.DeferredRepositoryInitializationListener [main] Spring Data repositories initialized!
2020-07-30 12:06:49,178 INFO org.springframework.boot.StartupInfoLogger [main] Started ProductsApplicationTests in 13.993 seconds (JVM running for 15.63)
2020-07-30 12:06:49,978 INFO org.springframework.orm.jpa.AbstractEntityManagerFactoryBean [SpringContextShutdownHook] Closing JPA EntityManagerFactory for persistence unit 'default'
2020-07-30 12:06:49,979 INFO org.hibernate.tool.schema.internal.SchemaDropperImpl$DelayedDropActionImpl [SpringContextShutdownHook] HHH000477: Starting delayed evictData of schema as part of SessionFactory shut-down'
2020-07-30 12:06:49,983 WARN org.hibernate.engine.jdbc.spi.SqlExceptionHelper [SpringContextShutdownHook] SQL Error: 90121, SQLState: 90121
2020-07-30 12:06:49,984 ERROR org.hibernate.engine.jdbc.spi.SqlExceptionHelper [SpringContextShutdownHook] Database is already closed (to disable automatic closing at VM shutdown, add ";DB_CLOSE_ON_EXIT=FALSE" to the db URL) [90121-200]
2020-07-30 12:06:49,985 WARN org.hibernate.engine.jdbc.spi.SqlExceptionHelper [SpringContextShutdownHook] SQL Error: 90121, SQLState: 90121
2020-07-30 12:06:49,986 ERROR org.hibernate.engine.jdbc.spi.SqlExceptionHelper [SpringContextShutdownHook] Database is already closed (to disable automatic closing at VM shutdown, add ";DB_CLOSE_ON_EXIT=FALSE" to the db URL) [90121-200]
2020-07-30 12:06:49,986 WARN org.springframework.beans.factory.support.DisposableBeanAdapter [SpringContextShutdownHook] Invocation of destroy method failed on bean with name 'entityManagerFactory': org.hibernate.exception.JDBCConnectionException: Unable to release JDBC Connection used for DDL execution
2020-07-30 12:06:49,986 INFO org.springframework.scheduling.concurrent.ExecutorConfigurationSupport [SpringContextShutdownHook] Shutting down ExecutorService 'applicationTaskExecutor'
2020-07-30 12:06:49,987 INFO com.zaxxer.hikari.HikariDataSource [SpringContextShutdownHook] HikariPool-1 - Shutdown initiated...
2020-07-30 12:06:49,990 INFO com.zaxxer.hikari.HikariDataSource [SpringContextShutdownHook] HikariPool-1 - Shutdown completed.
2020-07-30 12:06:53,891 INFO org.springframework.boot.StartupInfoLogger [restartedMain] Starting ProductsApplication on Stuarts-MacBook-Pro.local with PID 2749 (/Users/stuart/workspace/springboot/products/target/classes started by stuart in /Users/stuart/workspace/springboot/products)
2020-07-30 12:06:53,895 INFO org.springframework.boot.SpringApplication [restartedMain] No active profile set, falling back to default profiles: default
2020-07-30 12:06:54,012 INFO org.springframework.boot.logging.DeferredLog [restartedMain] Devtools property defaults active! Set 'spring.devtools.add-properties' to 'false' to disable
2020-07-30 12:06:54,013 INFO org.springframework.boot.logging.DeferredLog [restartedMain] For additional web related logging consider setting the 'logging.level.web' property to 'DEBUG'
2020-07-30 12:06:55,838 INFO org.springframework.data.repository.config.RepositoryConfigurationDelegate [restartedMain] Bootstrapping Spring Data JPA repositories in DEFERRED mode.
2020-07-30 12:06:55,934 INFO org.springframework.data.repository.config.RepositoryConfigurationDelegate [restartedMain] Finished Spring Data repository scanning in 83ms. Found 2 JPA repository interfaces.
2020-07-30 12:06:56,841 INFO org.springframework.boot.web.embedded.tomcat.TomcatWebServer [restartedMain] Tomcat initialized with port(s): 8080 (http)
2020-07-30 12:06:56,853 INFO org.apache.juli.logging.DirectJDKLog [restartedMain] Initializing ProtocolHandler ["http-nio-8080"]
2020-07-30 12:06:56,853 INFO org.apache.juli.logging.DirectJDKLog [restartedMain] Starting service [Tomcat]
2020-07-30 12:06:56,854 INFO org.apache.juli.logging.DirectJDKLog [restartedMain] Starting Servlet engine: [Apache Tomcat/9.0.36]
2020-07-30 12:06:56,975 INFO org.apache.juli.logging.DirectJDKLog [restartedMain] Initializing Spring embedded WebApplicationContext
2020-07-30 12:06:56,976 INFO org.springframework.boot.web.servlet.context.ServletWebServerApplicationContext [restartedMain] Root WebApplicationContext: initialization completed in 2962 ms
2020-07-30 12:06:57,144 INFO com.zaxxer.hikari.HikariDataSource [restartedMain] HikariPool-1 - Starting...
2020-07-30 12:06:57,391 INFO com.zaxxer.hikari.HikariDataSource [restartedMain] HikariPool-1 - Start completed.
2020-07-30 12:06:57,403 INFO org.springframework.boot.autoconfigure.h2.H2ConsoleAutoConfiguration [restartedMain] H2 console available at '/h2-console'. Database available at 'jdbc:h2:file:~/database/products'
2020-07-30 12:06:57,613 INFO org.springframework.scheduling.concurrent.ExecutorConfigurationSupport [restartedMain] Initializing ExecutorService 'applicationTaskExecutor'
2020-07-30 12:06:57,667 INFO org.hibernate.jpa.internal.util.LogHelper [task-1] HHH000204: Processing PersistenceUnitInfo [name: default]
2020-07-30 12:06:57,735 INFO org.hibernate.Version [task-1] HHH000412: Hibernate ORM core version 5.4.17.Final
2020-07-30 12:06:57,892 WARN org.springframework.boot.autoconfigure.orm.jpa.JpaBaseConfiguration$JpaWebConfiguration [restartedMain] spring.jpa.open-in-view is enabled by default. Therefore, database queries may be performed during view rendering. Explicitly configure spring.jpa.open-in-view to disable this warning
2020-07-30 12:06:57,905 INFO org.hibernate.annotations.common.reflection.java.JavaReflectionManager [task-1] HCANN000001: Hibernate Commons Annotations {5.1.0.Final}
2020-07-30 12:06:58,059 INFO org.hibernate.dialect.Dialect [task-1] HHH000400: Using dialect: org.hibernate.dialect.H2Dialect
2020-07-30 12:06:58,229 INFO org.springframework.boot.autoconfigure.web.servlet.WelcomePageHandlerMapping [restartedMain] Adding welcome page: class path resource [static/index.html]
2020-07-30 12:06:59,979 INFO org.hibernate.engine.transaction.jta.platform.internal.JtaPlatformInitiator [task-1] HHH000490: Using JtaPlatform implementation: [org.hibernate.engine.transaction.jta.platform.internal.NoJtaPlatform]
2020-07-30 12:06:59,988 INFO org.springframework.orm.jpa.AbstractEntityManagerFactoryBean [task-1] Initialized JPA EntityManagerFactory for persistence unit 'default'
2020-07-30 12:07:00,019 INFO org.springframework.boot.devtools.autoconfigure.OptionalLiveReloadServer [task-2] LiveReload server is running on port 35729
2020-07-30 12:07:00,131 INFO org.springframework.boot.actuate.endpoint.web.EndpointLinksResolver [restartedMain] Exposing 2 endpoint(s) beneath base path '/actuator'
2020-07-30 12:07:00,187 INFO org.apache.juli.logging.DirectJDKLog [restartedMain] Starting ProtocolHandler ["http-nio-8080"]
2020-07-30 12:07:00,299 INFO org.springframework.boot.web.embedded.tomcat.TomcatWebServer [restartedMain] Tomcat started on port(s): 8080 (http) with context path ''
2020-07-30 12:07:00,302 INFO org.springframework.data.repository.config.DeferredRepositoryInitializationListener [restartedMain] Triggering deferred initialization of Spring Data repositories…
2020-07-30 12:07:00,753 INFO org.springframework.data.repository.config.DeferredRepositoryInitializationListener [restartedMain] Spring Data repositories initialized!
2020-07-30 12:07:00,773 INFO org.springframework.boot.StartupInfoLogger [restartedMain] Started ProductsApplication in 12.63 seconds (JVM running for 14.436)
2020-07-30 12:07:45,228 INFO org.apache.juli.logging.DirectJDKLog [http-nio-8080-exec-1] Initializing Spring DispatcherServlet 'dispatcherServlet'
2020-07-30 12:07:45,228 INFO org.springframework.web.servlet.FrameworkServlet [http-nio-8080-exec-1] Initializing Servlet 'dispatcherServlet'
2020-07-30 12:07:45,236 INFO org.springframework.web.servlet.FrameworkServlet [http-nio-8080-exec-1] Completed initialization in 7 ms
2020-07-30 12:07:46,345 INFO org.springdoc.api.AbstractOpenApiResource [http-nio-8080-exec-7] Init duration for springdoc-openapi is: 400 ms
2020-07-30 12:08:10,842 INFO stu.learning.service.products.controllers.ProductsController [http-nio-8080-exec-10] looking for product with c81d11b9-3016-4fb9-9042-bfa0fb5e0991
2020-07-30 12:08:10,863 INFO stu.learning.service.products.controllers.ProductsController [http-nio-8080-exec-10] found product {id=c81d11b9-3016-4fb9-9042-bfa0fb5e0991, name='Samsung Galaxy S7', description='Newest mobile product from Samsung.', price=1024.99, deliveryPrice=16.99}
2020-07-30 12:08:15,148 INFO stu.learning.service.products.controllers.ProductsController [http-nio-8080-exec-1] looking for product with c81d11b9-3016-4fb9-9042-bfa0fb5e0992
2020-07-30 12:08:15,154 WARN org.springframework.web.servlet.handler.AbstractHandlerExceptionResolver [http-nio-8080-exec-1] Resolved [stu.learning.service.products.exceptions.ResourceNotFoundException: product found with id c81d11b9-3016-4fb9-9042-bfa0fb5e0992]
2020-07-30 12:11:12,291 INFO org.springframework.orm.jpa.AbstractEntityManagerFactoryBean [SpringContextShutdownHook] Closing JPA EntityManagerFactory for persistence unit 'default'
2020-07-30 12:11:12,292 INFO org.hibernate.tool.schema.internal.SchemaDropperImpl$DelayedDropActionImpl [SpringContextShutdownHook] HHH000477: Starting delayed evictData of schema as part of SessionFactory shut-down'
2020-07-30 12:11:12,574 INFO org.springframework.scheduling.concurrent.ExecutorConfigurationSupport [SpringContextShutdownHook] Shutting down ExecutorService 'applicationTaskExecutor'
2020-07-30 12:11:12,577 INFO com.zaxxer.hikari.HikariDataSource [SpringContextShutdownHook] HikariPool-1 - Shutdown initiated...
2020-07-30 12:11:12,591 INFO com.zaxxer.hikari.HikariDataSource [SpringContextShutdownHook] HikariPool-1 - Shutdown completed.
2020-07-30 12:42:07,589 INFO org.springframework.boot.StartupInfoLogger [restartedMain] Starting ProductsApplication on Stuarts-MacBook-Pro.local with PID 2878 (/Users/stuart/workspace/springboot/products/target/classes started by stuart in /Users/stuart/workspace/springboot/products)
2020-07-30 12:42:07,593 INFO org.springframework.boot.SpringApplication [restartedMain] No active profile set, falling back to default profiles: default
2020-07-30 12:42:07,678 INFO org.springframework.boot.logging.DeferredLog [restartedMain] Devtools property defaults active! Set 'spring.devtools.add-properties' to 'false' to disable
2020-07-30 12:42:07,679 INFO org.springframework.boot.logging.DeferredLog [restartedMain] For additional web related logging consider setting the 'logging.level.web' property to 'DEBUG'
2020-07-30 12:42:09,226 INFO org.springframework.data.repository.config.RepositoryConfigurationDelegate [restartedMain] Bootstrapping Spring Data JPA repositories in DEFERRED mode.
2020-07-30 12:42:09,280 INFO org.springframework.data.repository.config.RepositoryConfigurationDelegate [restartedMain] Finished Spring Data repository scanning in 46ms. Found 2 JPA repository interfaces.
2020-07-30 12:42:09,985 INFO org.springframework.boot.web.embedded.tomcat.TomcatWebServer [restartedMain] Tomcat initialized with port(s): 8080 (http)
2020-07-30 12:42:09,994 INFO org.apache.juli.logging.DirectJDKLog [restartedMain] Initializing ProtocolHandler ["http-nio-8080"]
2020-07-30 12:42:09,995 INFO org.apache.juli.logging.DirectJDKLog [restartedMain] Starting service [Tomcat]
2020-07-30 12:42:09,995 INFO org.apache.juli.logging.DirectJDKLog [restartedMain] Starting Servlet engine: [Apache Tomcat/9.0.36]
2020-07-30 12:42:10,091 INFO org.apache.juli.logging.DirectJDKLog [restartedMain] Initializing Spring embedded WebApplicationContext
2020-07-30 12:42:10,092 INFO org.springframework.boot.web.servlet.context.ServletWebServerApplicationContext [restartedMain] Root WebApplicationContext: initialization completed in 2413 ms
2020-07-30 12:42:10,231 INFO com.zaxxer.hikari.HikariDataSource [restartedMain] HikariPool-1 - Starting...
2020-07-30 12:42:10,468 INFO com.zaxxer.hikari.HikariDataSource [restartedMain] HikariPool-1 - Start completed.
2020-07-30 12:42:10,478 INFO org.springframework.boot.autoconfigure.h2.H2ConsoleAutoConfiguration [restartedMain] H2 console available at '/h2-console'. Database available at 'jdbc:h2:file:~/database/products'
2020-07-30 12:42:10,675 INFO org.springframework.scheduling.concurrent.ExecutorConfigurationSupport [restartedMain] Initializing ExecutorService 'applicationTaskExecutor'
2020-07-30 12:42:10,731 INFO org.hibernate.jpa.internal.util.LogHelper [task-1] HHH000204: Processing PersistenceUnitInfo [name: default]
2020-07-30 12:42:10,796 INFO org.hibernate.Version [task-1] HHH000412: Hibernate ORM core version 5.4.17.Final
2020-07-30 12:42:10,943 WARN org.springframework.boot.autoconfigure.orm.jpa.JpaBaseConfiguration$JpaWebConfiguration [restartedMain] spring.jpa.open-in-view is enabled by default. Therefore, database queries may be performed during view rendering. Explicitly configure spring.jpa.open-in-view to disable this warning
2020-07-30 12:42:10,963 INFO org.hibernate.annotations.common.reflection.java.JavaReflectionManager [task-1] HCANN000001: Hibernate Commons Annotations {5.1.0.Final}
2020-07-30 12:42:11,091 INFO org.hibernate.dialect.Dialect [task-1] HHH000400: Using dialect: org.hibernate.dialect.H2Dialect
2020-07-30 12:42:11,183 INFO org.springframework.boot.autoconfigure.web.servlet.WelcomePageHandlerMapping [restartedMain] Adding welcome page: class path resource [static/index.html]
2020-07-30 12:42:12,535 INFO org.hibernate.engine.transaction.jta.platform.internal.JtaPlatformInitiator [task-1] HHH000490: Using JtaPlatform implementation: [org.hibernate.engine.transaction.jta.platform.internal.NoJtaPlatform]
2020-07-30 12:42:12,541 INFO org.springframework.orm.jpa.AbstractEntityManagerFactoryBean [task-1] Initialized JPA EntityManagerFactory for persistence unit 'default'
2020-07-30 12:42:12,560 INFO org.springframework.boot.devtools.autoconfigure.OptionalLiveReloadServer [task-2] LiveReload server is running on port 35729
2020-07-30 12:42:12,612 INFO org.springframework.boot.actuate.endpoint.web.EndpointLinksResolver [restartedMain] Exposing 2 endpoint(s) beneath base path '/actuator'
2020-07-30 12:42:12,638 INFO org.apache.juli.logging.DirectJDKLog [restartedMain] Starting ProtocolHandler ["http-nio-8080"]
2020-07-30 12:42:12,667 INFO org.springframework.boot.web.embedded.tomcat.TomcatWebServer [restartedMain] Tomcat started on port(s): 8080 (http) with context path ''
2020-07-30 12:42:12,668 INFO org.springframework.data.repository.config.DeferredRepositoryInitializationListener [restartedMain] Triggering deferred initialization of Spring Data repositories…
2020-07-30 12:42:13,058 INFO org.springframework.data.repository.config.DeferredRepositoryInitializationListener [restartedMain] Spring Data repositories initialized!
2020-07-30 12:42:13,085 INFO org.springframework.boot.StartupInfoLogger [restartedMain] Started ProductsApplication in 11.025 seconds (JVM running for 11.893)
2020-07-30 12:43:10,523 INFO org.apache.juli.logging.DirectJDKLog [http-nio-8080-exec-1] Initializing Spring DispatcherServlet 'dispatcherServlet'
2020-07-30 12:43:10,523 INFO org.springframework.web.servlet.FrameworkServlet [http-nio-8080-exec-1] Initializing Servlet 'dispatcherServlet'
2020-07-30 12:43:10,531 INFO org.springframework.web.servlet.FrameworkServlet [http-nio-8080-exec-1] Completed initialization in 8 ms
2020-07-30 12:43:11,283 INFO org.springdoc.api.AbstractOpenApiResource [http-nio-8080-exec-3] Init duration for springdoc-openapi is: 469 ms
2020-07-30 12:43:31,847 INFO stu.learning.service.products.controllers.ProductsController [http-nio-8080-exec-6] looking for product with c81d11b9-3016-4fb9-9042-bfa0fb5e0991
2020-07-30 12:43:31,860 INFO stu.learning.service.products.controllers.ProductsController [http-nio-8080-exec-6] found product {id=c81d11b9-3016-4fb9-9042-bfa0fb5e0991, name='Samsung Galaxy S7', description='Newest mobile product from Samsung.', price=1024.99, deliveryPrice=16.99}
2020-07-30 12:44:38,138 INFO org.springframework.orm.jpa.AbstractEntityManagerFactoryBean [Thread-330] Closing JPA EntityManagerFactory for persistence unit 'default'
2020-07-30 12:44:38,139 INFO org.hibernate.tool.schema.internal.SchemaDropperImpl$DelayedDropActionImpl [Thread-330] HHH000477: Starting delayed evictData of schema as part of SessionFactory shut-down'
2020-07-30 12:44:38,150 INFO org.springframework.scheduling.concurrent.ExecutorConfigurationSupport [Thread-330] Shutting down ExecutorService 'applicationTaskExecutor'
2020-07-30 12:44:38,153 INFO com.zaxxer.hikari.HikariDataSource [Thread-330] HikariPool-1 - Shutdown initiated...
2020-07-30 12:44:38,175 INFO com.zaxxer.hikari.HikariDataSource [Thread-330] HikariPool-1 - Shutdown completed.
2020-07-30 12:44:43,323 INFO org.springframework.boot.StartupInfoLogger [restartedMain] Starting ProductsApplication on Stuarts-MacBook-Pro.local with PID 2878 (/Users/stuart/workspace/springboot/products/target/classes started by stuart in /Users/stuart/workspace/springboot/products)
2020-07-30 12:44:43,323 INFO org.springframework.boot.SpringApplication [restartedMain] No active profile set, falling back to default profiles: default
2020-07-30 12:44:43,729 INFO org.springframework.data.repository.config.RepositoryConfigurationDelegate [restartedMain] Bootstrapping Spring Data JPA repositories in DEFERRED mode.
2020-07-30 12:44:43,740 INFO org.springframework.data.repository.config.RepositoryConfigurationDelegate [restartedMain] Finished Spring Data repository scanning in 10ms. Found 2 JPA repository interfaces.
2020-07-30 12:44:43,862 INFO org.springframework.boot.web.embedded.tomcat.TomcatWebServer [restartedMain] Tomcat initialized with port(s): 8080 (http)
2020-07-30 12:44:43,863 INFO org.apache.juli.logging.DirectJDKLog [restartedMain] Initializing ProtocolHandler ["http-nio-8080"]
2020-07-30 12:44:43,864 INFO org.apache.juli.logging.DirectJDKLog [restartedMain] Starting service [Tomcat]
2020-07-30 12:44:43,864 INFO org.apache.juli.logging.DirectJDKLog [restartedMain] Starting Servlet engine: [Apache Tomcat/9.0.36]
2020-07-30 12:44:43,882 INFO org.apache.juli.logging.DirectJDKLog [restartedMain] Initializing Spring embedded WebApplicationContext
2020-07-30 12:44:43,882 INFO org.springframework.boot.web.servlet.context.ServletWebServerApplicationContext [restartedMain] Root WebApplicationContext: initialization completed in 556 ms
2020-07-30 12:44:43,920 INFO com.zaxxer.hikari.HikariDataSource [restartedMain] HikariPool-2 - Starting...
2020-07-30 12:44:43,924 INFO com.zaxxer.hikari.HikariDataSource [restartedMain] HikariPool-2 - Start completed.
2020-07-30 12:44:43,925 INFO org.springframework.boot.autoconfigure.h2.H2ConsoleAutoConfiguration [restartedMain] H2 console available at '/h2-console'. Database available at 'jdbc:h2:file:~/database/products'
2020-07-30 12:44:44,020 INFO org.springframework.scheduling.concurrent.ExecutorConfigurationSupport [restartedMain] Initializing ExecutorService 'applicationTaskExecutor'
2020-07-30 12:44:44,027 INFO org.hibernate.jpa.internal.util.LogHelper [task-1] HHH000204: Processing PersistenceUnitInfo [name: default]
2020-07-30 12:44:44,049 INFO org.hibernate.dialect.Dialect [task-1] HHH000400: Using dialect: org.hibernate.dialect.H2Dialect
2020-07-30 12:44:44,113 INFO org.hibernate.engine.transaction.jta.platform.internal.JtaPlatformInitiator [task-1] HHH000490: Using JtaPlatform implementation: [org.hibernate.engine.transaction.jta.platform.internal.NoJtaPlatform]
2020-07-30 12:44:44,114 INFO org.springframework.orm.jpa.AbstractEntityManagerFactoryBean [task-1] Initialized JPA EntityManagerFactory for persistence unit 'default'
2020-07-30 12:44:44,162 WARN org.springframework.boot.autoconfigure.orm.jpa.JpaBaseConfiguration$JpaWebConfiguration [restartedMain] spring.jpa.open-in-view is enabled by default. Therefore, database queries may be performed during view rendering. Explicitly configure spring.jpa.open-in-view to disable this warning
2020-07-30 12:44:44,175 INFO org.springframework.boot.devtools.autoconfigure.OptionalLiveReloadServer [task-2] LiveReload server is running on port 35729
2020-07-30 12:44:44,230 INFO org.springframework.boot.autoconfigure.web.servlet.WelcomePageHandlerMapping [restartedMain] Adding welcome page: class path resource [static/index.html]
2020-07-30 12:44:45,140 INFO org.springframework.boot.actuate.endpoint.web.EndpointLinksResolver [restartedMain] Exposing 2 endpoint(s) beneath base path '/actuator'
2020-07-30 12:44:45,160 INFO org.apache.juli.logging.DirectJDKLog [restartedMain] Starting ProtocolHandler ["http-nio-8080"]
2020-07-30 12:44:45,163 INFO org.springframework.boot.web.embedded.tomcat.TomcatWebServer [restartedMain] Tomcat started on port(s): 8080 (http) with context path ''
2020-07-30 12:44:45,164 INFO org.springframework.data.repository.config.DeferredRepositoryInitializationListener [restartedMain] Triggering deferred initialization of Spring Data repositories…
2020-07-30 12:44:45,294 INFO org.springframework.data.repository.config.DeferredRepositoryInitializationListener [restartedMain] Spring Data repositories initialized!
2020-07-30 12:44:45,302 INFO org.springframework.boot.StartupInfoLogger [restartedMain] Started ProductsApplication in 7.017 seconds (JVM running for 164.107)
2020-07-30 12:44:45,306 INFO org.springframework.boot.devtools.autoconfigure.ConditionEvaluationDeltaLoggingListener [restartedMain] Condition evaluation unchanged
2020-07-30 12:45:03,386 INFO org.springframework.orm.jpa.AbstractEntityManagerFactoryBean [SpringContextShutdownHook] Closing JPA EntityManagerFactory for persistence unit 'default'
2020-07-30 12:45:03,387 INFO org.hibernate.tool.schema.internal.SchemaDropperImpl$DelayedDropActionImpl [SpringContextShutdownHook] HHH000477: Starting delayed evictData of schema as part of SessionFactory shut-down'
2020-07-30 12:45:03,658 INFO org.springframework.scheduling.concurrent.ExecutorConfigurationSupport [SpringContextShutdownHook] Shutting down ExecutorService 'applicationTaskExecutor'
2020-07-30 12:45:03,659 INFO com.zaxxer.hikari.HikariDataSource [SpringContextShutdownHook] HikariPool-2 - Shutdown initiated...
2020-07-30 12:45:03,675 INFO com.zaxxer.hikari.HikariDataSource [SpringContextShutdownHook] HikariPool-2 - Shutdown completed.
